<?xml version="1.0" encoding="UTF-8"?>
<!-- Generated by org.testng.reporters.JUnitReportReporter -->
<testsuite skipped="0" hostname="SVRODK00096" name="TestSoftvision.TestApi.getUsers" tests="4" failures="0" timestamp="27 Jul 2018 10:50:58 GMT" time="10.954" errors="0">
  <testcase name="addUser" time="0.542" classname="TestSoftvision.TestApi.getUsers"/>
  <testcase name="getAllUsers" time="0.385" classname="TestSoftvision.TestApi.getUsers"/>
  <testcase name="getUserTestREST" time="9.441" classname="TestSoftvision.TestApi.getUsers"/>
  <testcase name="getUserTestNG" time="0.586" classname="TestSoftvision.TestApi.getUsers"/>
</testsuite> <!-- TestSoftvision.TestApi.getUsers -->
