<?xml version="1.0" encoding="UTF-8"?>
<!-- Generated by org.testng.reporters.JUnitReportReporter -->
<testsuite skipped="0" hostname="SVRODK00096" name="TestSoftvision.TestApi.BasicAutentichationTest" tests="3" failures="0" timestamp="27 Jul 2018 10:50:58 GMT" time="1.554" errors="0">
  <testcase name="noAutentichation" time="0.447" classname="TestSoftvision.TestApi.BasicAutentichationTest"/>
  <testcase name="baseAutentichation" time="0.499" classname="TestSoftvision.TestApi.BasicAutentichationTest"/>
  <testcase name="baseAutentichation" time="0.608" classname="TestSoftvision.TestApi.BasicAutentichationTest"/>
</testsuite> <!-- TestSoftvision.TestApi.BasicAutentichationTest -->
